TN:
SF:database.js
FN:5,(anonymous_0)
FNF:1
FNH:1
FNDA:34,(anonymous_0)
DA:3,1
DA:6,34
DA:7,34
DA:11,1
DA:15,1
LF:5
LH:5
BRF:0
BRH:0
end_of_record
TN:
SF:server.js
FN:11,(anonymous_0)
FN:17,(anonymous_1)
FN:23,(anonymous_2)
FN:34,(anonymous_3)
FN:45,(anonymous_4)
FN:62,(anonymous_5)
FNF:6
FNH:6
FNDA:1,(anonymous_0)
FNDA:2,(anonymous_1)
FNDA:2,(anonymous_2)
FNDA:3,(anonymous_3)
FNDA:4,(anonymous_4)
FNDA:2,(anonymous_5)
DA:5,1
DA:7,1
DA:8,1
DA:9,1
DA:11,1
DA:12,1
DA:14,1
DA:17,1
DA:18,2
DA:20,2
DA:23,1
DA:24,2
DA:25,2
DA:27,2
DA:28,1
DA:30,1
DA:34,1
DA:35,3
DA:37,3
DA:38,2
DA:40,1
DA:41,1
DA:45,1
DA:46,4
DA:47,4
DA:49,4
DA:50,2
DA:52,2
DA:53,2
DA:54,1
DA:56,1
DA:57,1
DA:62,1
DA:63,2
DA:64,2
DA:66,2
DA:67,1
DA:68,1
DA:71,1
DA:72,1
LF:40
LH:40
BRDA:27,0,0,1
BRDA:27,0,1,1
BRDA:37,1,0,2
BRDA:37,1,1,1
BRDA:49,2,0,2
BRDA:49,2,1,2
BRDA:53,3,0,1
BRDA:53,3,1,1
BRDA:66,4,0,1
BRDA:66,4,1,1
BRF:10
BRH:10
end_of_record
TN:
SF:store.js
FN:3,(anonymous_0)
FN:5,(anonymous_1)
FN:7,(anonymous_2)
FN:13,(anonymous_3)
FN:15,(anonymous_4)
FNF:5
FNH:5
FNDA:3,(anonymous_0)
FNDA:9,(anonymous_1)
FNDA:1,(anonymous_2)
FNDA:1,(anonymous_3)
FNDA:1,(anonymous_4)
DA:3,3
DA:5,9
DA:7,1
DA:8,1
DA:9,1
DA:10,1
DA:13,1
DA:15,1
LF:8
LH:8
BRF:0
BRH:0
end_of_record
